<?xml version="1.0" encoding="UTF-8" ?>
<testsuite errors="0" failures="0" hostname="Kuujjuaq" name="ca.uqac.lif.cep.FunctionTest" skipped="0" tests="9" time="0.99" timestamp="2016-07-14T20:04:38">
  <properties>
    <property name="env.DESKTOP_SESSION" value="xfce" />
    <property name="env.OLDPWD" value="/home/sylvain/Workspaces/beepbeep-3" />
    <property name="file.encoding.pkg" value="sun.io" />
    <property name="env.SELINUX_INIT" value="YES" />
    <property name="env.ZSH" value="/home/sylvain/.oh-my-zsh" />
    <property name="build.jar.withdoc" value="false" />
    <property name="java.home" value="/usr/lib/jvm/java-7-openjdk-amd64/jre" />
    <property name="env.GDM_LANG" value="en_CA" />
    <property name="env.DISPLAY" value=":0.0" />
    <property name="env.XDG_VTNR" value="7" />
    <property name="env.BYOBU_DARK" value="#333333" />
    <property name="java6.boot.classpath" value="${env.JAVA6_BOOTCLASSES}" />
    <property name="env.GLADE_CATALOG_PATH" value=":" />
    <property name="env.XDG_GREETER_DATA_DIR" value="/var/lib/lightdm-data/sylvain" />
    <property name="java.endorsed.dirs" value="/usr/lib/jvm/java-7-openjdk-amd64/jre/lib/endorsed" />
    <property name="env.LOGNAME" value="sylvain" />
    <property name="coverage.reportdir" value="tests/coverage" />
    <property name="env.XDG_SEAT" value="seat0" />
    <property name="junit.jarname" value="junit-4.12.jar" />
    <property name="env.SESSION_MANAGER" value="local/Kuujjuaq:@/tmp/.ICE-unix/2101,unix/Kuujjuaq:/tmp/.ICE-unix/2101" />
    <property name="sun.os.patch.level" value="unknown" />
    <property name="build.dependencies.dependency.name" value="Bullwinkle" />
    <property name="java.vendor.url" value="http://java.oracle.com/" />
    <property name="env.BYOBU_DISTRO" value="Ubuntu" />
    <property name="env.XDG_SEAT_PATH" value="/org/freedesktop/DisplayManager/Seat0" />
    <property name="env.MANDATORY_PATH" value="/usr/share/gconf/xfce.mandatory.path" />
    <property name="java.version" value="1.7.0_95" />
    <property name="build.jar.withsrc" value="true" />
    <property name="java.vendor.url.bug" value="http://bugreport.sun.com/bugreport/" />
    <property name="env.LANGUAGE" value="en_CA:en" />
    <property name="env.BYOBU_PAGER" value="sensible-pager" />
    <property name="env.XDG_MENU_PREFIX" value="xfce-" />
    <property name="env.BYOBU_SED" value="sed" />
    <property name="ant.project.invoked-targets" value="test" />
    <property name="env.BYOBU_CHARMAP" value="UTF-8" />
    <property name="env.XDG_DATA_DIRS" value="/usr/share/xfce:/usr/share/xfce4:/usr/local/share/:/usr/share/:/usr/share" />
    <property name="env.GNOME_KEYRING_CONTROL" value="/run/user/1000/keyring-jFY0Cr" />
    <property name="env.UPSTART_SESSION" value="unix:abstract=/com/ubuntu/upstart-session/1000/1975" />
    <property name="user.name" value="sylvain" />
    <property name="env.LANG" value="en_CA.UTF-8" />
    <property name="build.extdir" value="/usr/java/packages/lib/ext" />
    <property name="sun.io.unicode.encoding" value="UnicodeLittle" />
    <property name="build.name" value="BeepBeep 3" />
    <property name="env.TMUX" value="/tmp/tmux-1000/default,5539,1" />
    <property name="sun.jnu.encoding" value="UTF-8" />
    <property name="env.DBUS_SESSION_BUS_ADDRESS" value="unix:abstract=/tmp/dbus-R16vmqvEBQ" />
    <property name="java.runtime.name" value="OpenJDK Runtime Environment" />
    <property name="env.BYOBU_RUN_DIR" value="/dev/shm/byobu-sylvain-J82KsDhM" />
    <property name="java.specification.name" value="Java Platform API Specification" />
    <property name="env.GLADE_PIXMAP_PATH" value=":" />
    <property name="user.timezone" value="" />
    <property name="path.separator" value=":" />
    <property name="env.XMODIFIERS" value="@im=none" />
    <property name="file.encoding" value="UTF-8" />
    <property name="ant.project.default-target" value="dist" />
    <property name="env.HOME" value="/home/sylvain" />
    <property name="_jacoco.agentFile" value="/tmp/jacocoagent8939754174537968433.jar" />
    <property name="build.test.bindir" value="CoreTest/bin" />
    <property name="sun.java.command" value="org.apache.tools.ant.taskdefs.optional.junit.JUnitTestRunner ca.uqac.lif.cep.FunctionTest skipNonTests=false filtertrace=true haltOnError=false haltOnFailure=false formatter=org.apache.tools.ant.taskdefs.optional.junit.SummaryJUnitResultFormatter showoutput=false outputtoformatters=true logfailedtests=true logtestlistenerevents=false formatter=org.apache.tools.ant.taskdefs.optional.junit.BriefJUnitResultFormatter formatter=org.apache.tools.ant.taskdefs.optional.junit.XMLJUnitResultFormatter,/home/sylvain/Workspaces/beepbeep-3/Engine/tests/junit/TEST-ca.uqac.lif.cep.FunctionTest.xml crashfile=/home/sylvain/Workspaces/beepbeep-3/Engine/junitvmwatcher2473909452791643564.properties propsfile=/home/sylvain/Workspaces/beepbeep-3/Engine/junit393595562319226788.properties" />
    <property name="env.BYOBU_PYTHON" value="python3" />
    <property name="ant.file" value="/home/sylvain/Workspaces/beepbeep-3/Engine/build.xml" />
    <property name="env.BYOBU_BACKEND" value="tmux" />
    <property name="env._" value="/usr/bin/ant" />
    <property name="java.io.tmpdir" value="/tmp" />
    <property name="build.libdir" value="lib" />
    <property name="env.GNOME_KEYRING_PID" value="1971" />
    <property name="user.language" value="en" />
    <property name="env.UPSTART_EVENTS" value="started xsession" />
    <property name="line.separator" value="&#xa;" />
    <property name="build.bindir" value="Core/bin" />
    <property name="ant.file.type" value="file" />
    <property name="env.SSH_AGENT_PID" value="2136" />
    <property name="env.CLUTTER_IM_MODULE" value="xim" />
    <property name="env.GLADE_MODULE_PATH" value=":" />
    <property name="java.vm.info" value="mixed mode" />
    <property name="env.TMUX_PANE" value="%2" />
    <property name="env.BYOBU_TTY" value="/dev/pts/6" />
    <property name="java.vm.specification.name" value="Java Virtual Machine Specification" />
    <property name="build.jar.basename" value="beepbeep-3" />
    <property name="env.BYOBU_WINDOW_NAME" value="-" />
    <property name="env.COLORTERM" value="gnome-terminal" />
    <property name="build.depdir" value="deps" />
    <property name="env.TEXTDOMAIN" value="im-config" />
    <property name="junit.hamcrest" value="hamcrest-core-1.3.jar" />
    <property name="env.BYOBU_CONFIG_DIR" value="/home/sylvain/.byobu" />
    <property name="env.IM_CONFIG_PHASE" value="1" />
    <property name="env.GDMSESSION" value="xfce" />
    <property name="env.LC_CTYPE" value="en_CA.UTF-8" />
    <property name="java.awt.printerjob" value="sun.print.PSPrinterJob" />
    <property name="env.VTE_VERSION" value="3409" />
    <property name="env.DEFAULTS_PATH" value="/usr/share/gconf/xfce.default.path" />
    <property name="build.dependencies.dependency.files.zip" value="https://github.com/sylvainhalle/Bullwinkle/releases/download/v1.2/bullwinkle-1.2.zip" />
    <property name="env.BYOBU_PREFIX" value="/usr" />
    <property name="ant.version" value="Apache Ant(TM) version 1.9.3 compiled on April 8 2014" />
    <property name="env.WINDOWID" value="35666815" />
    <property name="env.XDG_SESSION_PATH" value="/org/freedesktop/DisplayManager/Session0" />
    <property name="env.JOB" value="dbus" />
    <property name="env.BYOBU_ACCENT" value="#75507B" />
    <property name="os.name" value="Linux" />
    <property name="java.specification.vendor" value="Oracle Corporation" />
    <property name="env.TERM" value="screen" />
    <property name="java.vm.name" value="OpenJDK 64-Bit Server VM" />
    <property name="xmltask.absent" value="false" />
    <property name="java.library.path" value="/usr/java/packages/lib/amd64:/usr/lib/x86_64-linux-gnu/jni:/lib/x86_64-linux-gnu:/usr/lib/x86_64-linux-gnu:/usr/lib/jni:/lib:/usr/lib" />
    <property name="build.author" value="Sylvain HallÃ©" />
    <property name="env.PATH" value="/usr/local/sbin:/usr/local/bin:/usr/sbin:/usr/bin:/sbin:/bin:/usr/games:/usr/local/games" />
    <property name="build.mainclass" value="ca.uqac.lif.cep.cli.CommandLine" />
    <property name="ant.java.version" value="1.7" />
    <property name="env.TEXTDOMAINDIR" value="/usr/share/locale/" />
    <property name="basedir" value="/home/sylvain/Workspaces/beepbeep-3/Engine" />
    <property name="build.debug" value="true" />
    <property name="java.class.version" value="51.0" />
    <property name="env.SHLVL" value="1" />
    <property name="ant.home" value="/usr/share/ant" />
    <property name="build.dependencies.dependency.classname" value="ca.uqac.lif.bullwinkle.BnfParser" />
    <property name="xmltask.jarname" value="xmltask.jar" />
    <property name="env.UPSTART_JOB" value="startxfce4" />
    <property name="sun.boot.library.path" value="/usr/lib/jvm/java-7-openjdk-amd64/jre/lib/amd64" />
    <property name="sun.management.compiler" value="HotSpot 64-Bit Tiered Compilers" />
    <property name="java.awt.graphicsenv" value="sun.awt.X11GraphicsEnvironment" />
    <property name="build.jar.filename" value="../beepbeep-3.jar" />
    <property name="env.USER" value="sylvain" />
    <property name="env.GTK_IM_MODULE" value="xim" />
    <property name="env.GTK_MODULES" value="overlay-scrollbar" />
    <property name="jacoco.jarname" value="jacocoant.jar" />
    <property name="env.LSCOLORS" value="Gxfxcxdxbxegedabagacad" />
    <property name="test.reportdir" value="tests/junit" />
    <property name="jacoco.absent" value="false" />
    <property name="ant.file.AntRun" value="/home/sylvain/Workspaces/beepbeep-3/Engine/build.xml" />
    <property name="ant.project.name" value="AntRun" />
    <property name="env.SESSIONTYPE" value="" />
    <property name="env.LESS" value="-R" />
    <property name="java.vm.specification.version" value="1.7" />
    <property name="awt.toolkit" value="sun.awt.X11.XToolkit" />
    <property name="env.BYOBU_READLINK" value="readlink" />
    <property name="sun.cpu.isalist" value="" />
    <property name="java.ext.dirs" value="/usr/lib/jvm/java-7-openjdk-amd64/jre/lib/ext:/usr/java/packages/lib/ext" />
    <property name="os.version" value="4.2.0-27-generic" />
    <property name="env.QT_QPA_PLATFORMTHEME" value="appmenu-qt5" />
    <property name="build.test.srcdir" value="CoreTest/src" />
    <property name="user.home" value="/home/sylvain" />
    <property name="env.XDG_CURRENT_DESKTOP" value="XFCE" />
    <property name="java.vm.vendor" value="Oracle Corporation" />
    <property name="junit.absent" value="false" />
    <property name="env.BYOBU_LIGHT" value="#EEEEEE" />
    <property name="env.BYOBU_ULIMIT" value="ulimit" />
    <property name="env.SESSION" value="xfce" />
    <property name="env.XDG_SESSION_ID" value="c2" />
    <property name="build.docdir" value="Core/doc" />
    <property name="env.XAUTHORITY" value="/home/sylvain/.Xauthority" />
    <property name="user.dir" value="/home/sylvain/Workspaces/beepbeep-3/Engine" />
    <property name="antrun.version" value="1.1.3" />
    <property name="env.PWD" value="/home/sylvain/Workspaces/beepbeep-3/Engine" />
    <property name="build.srcdir" value="Core/src" />
    <property name="sun.cpu.endian" value="little" />
    <property name="env.PAGER" value="less" />
    <property name="java.vm.version" value="24.95-b01" />
    <property name="java.class.path" value="/home/sylvain/Workspaces/beepbeep-3/Engine/Core/bin:/home/sylvain/Workspaces/beepbeep-3/Engine/CoreTest/bin:/usr/share/ant/lib/ant-launcher.jar:/usr/share/java/xmlParserAPIs.jar:/usr/share/java/xercesImpl.jar:/usr/share/ant/lib/ant-jsch.jar:/usr/share/ant/lib/junit.jar:/usr/share/ant/lib/ant-junit4.jar:/usr/share/ant/lib/ant-commons-net.jar:/usr/share/ant/lib/ant-apache-bsf.jar:/usr/share/ant/lib/ant-apache-log4j.jar:/usr/share/ant/lib/ant-apache-resolver.jar:/usr/share/ant/lib/ant-swing.jar:/usr/share/ant/lib/ant-javamail.jar:/usr/share/ant/lib/ant-antlr.jar:/usr/share/ant/lib/ant-apache-bcel.jar:/usr/share/ant/lib/ant-testutil.jar:/usr/share/ant/lib/ant-apache-xalan2.jar:/usr/share/ant/lib/ant.jar:/usr/share/ant/lib/ant-jdepend.jar:/usr/share/ant/lib/ant-junit.jar:/usr/share/ant/lib/ant-commons-logging.jar:/usr/share/ant/lib/ant-apache-oro.jar:/usr/share/ant/lib/ant-jmf.jar:/usr/share/ant/lib/ant-apache-regexp.jar:/usr/lib/jvm/java-7-openjdk-amd64/lib/tools.jar:/home/sylvain/Workspaces/beepbeep-3/Engine/lib/junit-4.12.jar:/home/sylvain/Workspaces/beepbeep-3/Engine/lib/hamcrest-core-1.3.jar:/usr/share/java/ant-launcher-1.9.3.jar:/tmp/jacocoagent8939754174537968433.jar" />
    <property name="ant.library.dir" value="/usr/share/ant/lib" />
    <property name="ant.file.type.AntRun" value="file" />
    <property name="os.arch" value="amd64" />
    <property name="ant-contrib.absent" value="false" />
    <property name="sun.java.launcher" value="SUN_STANDARD" />
    <property name="env.BYOBU_TIME" value="%H:%M:%S" />
    <property name="ant.core.lib" value="/usr/share/ant/lib/ant.jar" />
    <property name="java.vm.specification.vendor" value="Oracle Corporation" />
    <property name="env.UPSTART_INSTANCE" value="" />
    <property name="file.separator" value="/" />
    <property name="build.version" value="0.3-alpha" />
    <property name="java.runtime.version" value="1.7.0_95-b00" />
    <property name="sun.boot.class.path" value="/usr/lib/jvm/java-7-openjdk-amd64/jre/lib/resources.jar:/usr/lib/jvm/java-7-openjdk-amd64/jre/lib/rt.jar:/usr/lib/jvm/java-7-openjdk-amd64/jre/lib/sunrsasign.jar:/usr/lib/jvm/java-7-openjdk-amd64/jre/lib/jsse.jar:/usr/lib/jvm/java-7-openjdk-amd64/jre/lib/jce.jar:/usr/lib/jvm/java-7-openjdk-amd64/jre/lib/charsets.jar:/usr/lib/jvm/java-7-openjdk-amd64/jre/lib/rhino.jar:/usr/lib/jvm/java-7-openjdk-amd64/jre/lib/jfr.jar:/usr/lib/jvm/java-7-openjdk-amd64/jre/classes" />
    <property name="env.SSH_AUTH_SOCK" value="/home/sylvain/.byobu/.ssh-agent" />
    <property name="env.BYOBU_DATE" value="%Y-%m-%d " />
    <property name="env.QT4_IM_MODULE" value="xim" />
    <property name="env.XDG_RUNTIME_DIR" value="/run/user/1000" />
    <property name="env.XDG_CONFIG_DIRS" value="/etc/xdg/xdg-xfce:/usr/share/upstart/xdg:/etc/xdg:/etc/xdg" />
    <property name="user.country" value="CA" />
    <property name="env.SHELL" value="/usr/bin/zsh" />
    <property name="env.INSTANCE" value="" />
    <property name="env.BYOBU_HIGHLIGHT" value="#DD4814" />
    <property name="java.vendor" value="Oracle Corporation" />
    <property name="env.GPG_AGENT_INFO" value="/run/user/1000/keyring-jFY0Cr/gpg:0:1" />
    <property name="java.specification.version" value="1.7" />
    <property name="sun.arch.data.model" value="64" />
  </properties>
  <testcase classname="ca.uqac.lif.cep.FunctionTest" name="testAdditionCumulativeNull" time="0.007" />
  <testcase classname="ca.uqac.lif.cep.FunctionTest" name="testUnaryAsProcessor" time="0.029" />
  <testcase classname="ca.uqac.lif.cep.FunctionTest" name="testAdditionAsCumulativeProcessor" time="0.0" />
  <testcase classname="ca.uqac.lif.cep.FunctionTest" name="testAddition" time="0.0" />
  <testcase classname="ca.uqac.lif.cep.FunctionTest" name="testAdditionCumulative" time="0.0" />
  <testcase classname="ca.uqac.lif.cep.FunctionTest" name="testGrammar" time="0.129" />
  <testcase classname="ca.uqac.lif.cep.FunctionTest" name="testAdditionOnce" time="0.0" />
  <testcase classname="ca.uqac.lif.cep.FunctionTest" name="testAdditionAsProcessor" time="0.0" />
  <testcase classname="ca.uqac.lif.cep.FunctionTest" name="testAdditionNullAsCumulativeProcessor" time="0.0" />
  <system-out><![CDATA[]]></system-out>
  <system-err><![CDATA[]]></system-err>
</testsuite>
